Determining if the pthread_create exist failed with the following output:
Change Dir: /home/luoyongheng/CLionProjects/VinsLearning/lecture7/VINS-Course/build/CMakeFiles/CMakeTmp

Run Build Command:"/usr/bin/make" "cmTC_7a92d/fast"
/usr/bin/make -f CMakeFiles/cmTC_7a92d.dir/build.make CMakeFiles/cmTC_7a92d.dir/build
make[1]: 正在进入目录 `/home/luoyongheng/CLionProjects/VinsLearning/lecture7/VINS-Course/build/CMakeFiles/CMakeTmp'
Building C object CMakeFiles/cmTC_7a92d.dir/CheckSymbolExists.c.o
/usr/bin/cc    -o CMakeFiles/cmTC_7a92d.dir/CheckSymbolExists.c.o   -c /home/luoyongheng/CLionProjects/VinsLearning/lecture7/VINS-Course/build/CMakeFiles/CMakeTmp/CheckSymbolExists.c
Linking C executable cmTC_7a92d
/usr/local/bin/cmake -E cmake_link_script CMakeFiles/cmTC_7a92d.dir/link.txt --verbose=1
/usr/bin/cc      -rdynamic CMakeFiles/cmTC_7a92d.dir/CheckSymbolExists.c.o  -o cmTC_7a92d 
CMakeFiles/cmTC_7a92d.dir/CheckSymbolExists.c.o：在函数‘main’中：
CheckSymbolExists.c:(.text+0x16)：对‘pthread_create’未定义的引用
collect2: error: ld returned 1 exit status
make[1]: *** [cmTC_7a92d] 错误 1
make[1]:正在离开目录 `/home/luoyongheng/CLionProjects/VinsLearning/lecture7/VINS-Course/build/CMakeFiles/CMakeTmp'
make: *** [cmTC_7a92d/fast] 错误 2

File /home/luoyongheng/CLionProjects/VinsLearning/lecture7/VINS-Course/build/CMakeFiles/CMakeTmp/CheckSymbolExists.c:
/* */
#include <pthread.h>

int main(int argc, char** argv)
{
  (void)argv;
#ifndef pthread_create
  return ((int*)(&pthread_create))[argc];
#else
  (void)argc;
  return 0;
#endif
}

Determining if the function pthread_create exists in the pthreads failed with the following output:
Change Dir: /home/luoyongheng/CLionProjects/VinsLearning/lecture7/VINS-Course/build/CMakeFiles/CMakeTmp

Run Build Command:"/usr/bin/make" "cmTC_142a3/fast"
/usr/bin/make -f CMakeFiles/cmTC_142a3.dir/build.make CMakeFiles/cmTC_142a3.dir/build
make[1]: 正在进入目录 `/home/luoyongheng/CLionProjects/VinsLearning/lecture7/VINS-Course/build/CMakeFiles/CMakeTmp'
Building C object CMakeFiles/cmTC_142a3.dir/CheckFunctionExists.c.o
/usr/bin/cc   -DCHECK_FUNCTION_EXISTS=pthread_create   -o CMakeFiles/cmTC_142a3.dir/CheckFunctionExists.c.o   -c /usr/local/share/cmake-3.10/Modules/CheckFunctionExists.c
Linking C executable cmTC_142a3
/usr/local/bin/cmake -E cmake_link_script CMakeFiles/cmTC_142a3.dir/link.txt --verbose=1
/usr/bin/cc  -DCHECK_FUNCTION_EXISTS=pthread_create    -rdynamic CMakeFiles/cmTC_142a3.dir/CheckFunctionExists.c.o  -o cmTC_142a3 -lpthreads 
/usr/bin/ld: 找不到 -lpthreads
collect2: error: ld returned 1 exit status
make[1]: *** [cmTC_142a3] 错误 1
make[1]:正在离开目录 `/home/luoyongheng/CLionProjects/VinsLearning/lecture7/VINS-Course/build/CMakeFiles/CMakeTmp'
make: *** [cmTC_142a3/fast] 错误 2


