Determining if the pthread_create exist failed with the following output:
Change Dir: /home/luoyongheng/CLionProjects/VinsLearning/lecture2/lecture2_code/vio_data_simulation-ros_version/catkin_ws/src/kalibr_allan/bagconvert/cmake-build-debug/CMakeFiles/CMakeTmp

Run Build Command:"/usr/bin/make" "cmTC_cd65d/fast"
/usr/bin/make -f CMakeFiles/cmTC_cd65d.dir/build.make CMakeFiles/cmTC_cd65d.dir/build
make[1]: 正在进入目录 `/home/luoyongheng/CLionProjects/VinsLearning/lecture2/lecture2_code/vio_data_simulation-ros_version/catkin_ws/src/kalibr_allan/bagconvert/cmake-build-debug/CMakeFiles/CMakeTmp'
Building C object CMakeFiles/cmTC_cd65d.dir/CheckSymbolExists.c.o
/usr/bin/cc    -o CMakeFiles/cmTC_cd65d.dir/CheckSymbolExists.c.o   -c /home/luoyongheng/CLionProjects/VinsLearning/lecture2/lecture2_code/vio_data_simulation-ros_version/catkin_ws/src/kalibr_allan/bagconvert/cmake-build-debug/CMakeFiles/CMakeTmp/CheckSymbolExists.c
Linking C executable cmTC_cd65d
/opt/Clion/clion-2018.1.3/bin/cmake/bin/cmake -E cmake_link_script CMakeFiles/cmTC_cd65d.dir/link.txt --verbose=1
/usr/bin/cc      -rdynamic CMakeFiles/cmTC_cd65d.dir/CheckSymbolExists.c.o  -o cmTC_cd65d 
CMakeFiles/cmTC_cd65d.dir/CheckSymbolExists.c.o：在函数‘main’中：
CheckSymbolExists.c:(.text+0x16)：对‘pthread_create’未定义的引用
collect2: error: ld returned 1 exit status
make[1]: *** [cmTC_cd65d] 错误 1
make[1]:正在离开目录 `/home/luoyongheng/CLionProjects/VinsLearning/lecture2/lecture2_code/vio_data_simulation-ros_version/catkin_ws/src/kalibr_allan/bagconvert/cmake-build-debug/CMakeFiles/CMakeTmp'
make: *** [cmTC_cd65d/fast] 错误 2

File /home/luoyongheng/CLionProjects/VinsLearning/lecture2/lecture2_code/vio_data_simulation-ros_version/catkin_ws/src/kalibr_allan/bagconvert/cmake-build-debug/CMakeFiles/CMakeTmp/CheckSymbolExists.c:
/* */
#include <pthread.h>

int main(int argc, char** argv)
{
  (void)argv;
#ifndef pthread_create
  return ((int*)(&pthread_create))[argc];
#else
  (void)argc;
  return 0;
#endif
}

Determining if the function pthread_create exists in the pthreads failed with the following output:
Change Dir: /home/luoyongheng/CLionProjects/VinsLearning/lecture2/lecture2_code/vio_data_simulation-ros_version/catkin_ws/src/kalibr_allan/bagconvert/cmake-build-debug/CMakeFiles/CMakeTmp

Run Build Command:"/usr/bin/make" "cmTC_bb0c4/fast"
/usr/bin/make -f CMakeFiles/cmTC_bb0c4.dir/build.make CMakeFiles/cmTC_bb0c4.dir/build
make[1]: 正在进入目录 `/home/luoyongheng/CLionProjects/VinsLearning/lecture2/lecture2_code/vio_data_simulation-ros_version/catkin_ws/src/kalibr_allan/bagconvert/cmake-build-debug/CMakeFiles/CMakeTmp'
Building C object CMakeFiles/cmTC_bb0c4.dir/CheckFunctionExists.c.o
/usr/bin/cc   -DCHECK_FUNCTION_EXISTS=pthread_create   -o CMakeFiles/cmTC_bb0c4.dir/CheckFunctionExists.c.o   -c /opt/Clion/clion-2018.1.3/bin/cmake/share/cmake-3.10/Modules/CheckFunctionExists.c
Linking C executable cmTC_bb0c4
/opt/Clion/clion-2018.1.3/bin/cmake/bin/cmake -E cmake_link_script CMakeFiles/cmTC_bb0c4.dir/link.txt --verbose=1
/usr/bin/cc  -DCHECK_FUNCTION_EXISTS=pthread_create    -rdynamic CMakeFiles/cmTC_bb0c4.dir/CheckFunctionExists.c.o  -o cmTC_bb0c4 -lpthreads 
/usr/bin/ld: 找不到 -lpthreads
collect2: error: ld returned 1 exit status
make[1]: *** [cmTC_bb0c4] 错误 1
make[1]:正在离开目录 `/home/luoyongheng/CLionProjects/VinsLearning/lecture2/lecture2_code/vio_data_simulation-ros_version/catkin_ws/src/kalibr_allan/bagconvert/cmake-build-debug/CMakeFiles/CMakeTmp'
make: *** [cmTC_bb0c4/fast] 错误 2


